Arguments: 
  /Users/huangxiaolong/.nvm/versions/node/v18.16.0/bin/node /Users/huangxiaolong/.nvm/versions/node/v18.16.0/bin/yarn

PATH: 
  /Users/huangxiaolong/.rvm/gems/ruby-3.0.0/bin:/Users/huangxiaolong/.rvm/gems/ruby-3.0.0@global/bin:/Users/huangxiaolong/.rvm/rubies/ruby-3.0.0/bin:/Users/huangxiaolong/.nvm/versions/node/v18.16.0/bin:/opt/homebrew/bin:/opt/homebrew/sbin:/usr/local/bin:/usr/bin:/bin:/usr/sbin:/sbin:/Library/Apple/usr/bin:/Users/huangxiaolong/.rvm/bin:/Users/huangxiaolong/Documents/github/wxp_compile/bin:/Applications/Sublime Text.app/Contents/SharedSupport/bin

Yarn version: 
  1.22.19

Node version: 
  18.16.0

Platform: 
  darwin arm64

Trace: 
  SyntaxError: /Users/huangxiaolong/Desktop/Native/package.json: Unexpected token } in JSON at position 234
      at JSON.parse (<anonymous>)
      at /Users/huangxiaolong/.nvm/versions/node/v18.16.0/lib/node_modules/yarn/lib/cli.js:1629:59
      at Generator.next (<anonymous>)
      at step (/Users/huangxiaolong/.nvm/versions/node/v18.16.0/lib/node_modules/yarn/lib/cli.js:310:30)
      at /Users/huangxiaolong/.nvm/versions/node/v18.16.0/lib/node_modules/yarn/lib/cli.js:321:13

npm manifest: 
  {
    "name": "native",
    "version": "1.0.0",
    "description": "",
    "main": "index.js",
    "scripts": {
      "dev": "webpack --config ./config/native.config.js --watch",
      "build": "webpack build --config ./config/native.config.js",
    },
    "devDependencies": {
      "@babel/core": "^7.21.0",
      "@babel/plugin-transform-runtime": "^7.21.0",
      "@babel/preset-env": "^7.20.2",
      "@babel/runtime-corejs3": "^7.21.0",
      "babel-loader": "^9.1.2",
      "babel-plugin-transform-object-rest-spread": "^6.26.0",
      "babel-preset-es2015": "^6.24.1",
      "babel-register": "^6.26.0",
      "chai": "^4.3.7",
      "clean-webpack-plugin": "^4.0.0",
      "colors": "^1.4.0",
      "core-js": "3.8",
      "css-loader": "^6.7.3",
      "file-loader": "^6.2.0",
      "html-loader": "^4.2.0",
      "html-webpack-plugin": "^5.5.0",
      "http-server": "^14.1.1",
      "image-minimizer-webpack-plugin": "^3.8.1",
      "imagemin": "^8.0.1",
      "jest": "^29.4.3",
      "mini-css-extract-plugin": "^2.7.2",
      "mocha": "^10.2.0",
      "node-sass": "^8.0.0",
      "nyc": "^15.1.0",
      "postcss-loader": "^7.0.2",
      "sass-loader": "^13.2.0",
      "url-loader": "^4.1.1",
      "webpack": "^5.75.0",
      "webpack-cli": "^5.0.1",
      "webpack-dev-server": "^4.11.1"
    },
    "dependencies": {
      "axios": "^1.3.4",
      "express": "^4.18.2"
    }
  }

yarn manifest: 
  No manifest

Lockfile: 
  No lockfile
